<?xml version="1.0" encoding="UTF-8"?>
<testng-results ignored="0" total="2" passed="2" failed="0" skipped="0">
  <reporter-output>
  </reporter-output>
  <suite started-at="2022-04-30T11:38:26 IST" name="Default suite" finished-at="2022-04-30T11:38:48 IST" duration-ms="22123">
    <groups>
    </groups>
    <test started-at="2022-04-30T11:38:26 IST" name="Default test" finished-at="2022-04-30T11:38:48 IST" duration-ms="22123">
      <class name="Delta_login.DeltaActions">
        <test-method is-config="true" signature="beforeTest()[pri:0, instance:Delta_login.DeltaActions@2d710f1a]" started-at="2022-04-30T11:38:26 IST" name="beforeTest" finished-at="2022-04-30T11:38:31 IST" duration-ms="5183" status="PASS">
          <reporter-output>
          </reporter-output>
        </test-method> <!-- beforeTest -->
        <test-method signature="GetShellSequence()[pri:1, instance:Delta_login.DeltaActions@2d710f1a]" started-at="2022-04-30T11:38:31 IST" name="GetShellSequence" finished-at="2022-04-30T11:38:42 IST" duration-ms="10624" status="PASS">
          <reporter-output>
          </reporter-output>
        </test-method> <!-- GetShellSequence -->
        <test-method signature="InsideShellSequence()[pri:2, instance:Delta_login.DeltaActions@2d710f1a]" started-at="2022-04-30T11:38:42 IST" name="InsideShellSequence" finished-at="2022-04-30T11:38:48 IST" duration-ms="6290" status="PASS">
          <reporter-output>
          </reporter-output>
        </test-method> <!-- InsideShellSequence -->
        <test-method is-config="true" signature="quit()[pri:0, instance:Delta_login.DeltaActions@2d710f1a]" started-at="2022-04-30T11:38:48 IST" name="quit" finished-at="2022-04-30T11:38:48 IST" duration-ms="0" status="PASS">
          <reporter-output>
          </reporter-output>
        </test-method> <!-- quit -->
      </class> <!-- Delta_login.DeltaActions -->
    </test> <!-- Default test -->
  </suite> <!-- Default suite -->
</testng-results>
